<?xml version="1.0" encoding="UTF-8"?>
<!-- Generated by org.testng.reporters.JUnitReportReporter -->
<testsuite hostname="IDR915432" failures="0" tests="1" name="testScript.TC001_LoginOTM" time="5.193" errors="0" timestamp="21 Sep 2018 09:43:14 GMT">
  <testcase classname="testScript.TC001_LoginOTM" name="testLoginOTM" time="5.193"/>
</testsuite> <!-- testScript.TC001_LoginOTM -->
