<?xml version="1.0" encoding="UTF-8"?>
<!-- Generated by org.testng.reporters.JUnitReportReporter -->
<testsuite hostname="IDR915432" failures="0" tests="1" name="testScript.FastOrderEntry" time="94.149" errors="0" timestamp="21 Sep 2018 09:43:14 GMT">
  <testcase classname="testScript.FastOrderEntry" name="clientQuickLinks" time="94.149"/>
</testsuite> <!-- testScript.FastOrderEntry -->
